[2020-03-25 07:39:23,625] WARN  o.s.h.c.j.Jackson2ObjectMapperBuilder  - For Jackson Kotlin classes support please add "com.fasterxml.jackson.module:jackson-module-kotlin" to the classpath 

  .   ____          _            __ _ _
 /\\ / ___'_ __ _ _(_)_ __  __ _ \ \ \ \
( ( )\___ | '_ | '_| | '_ \/ _` | \ \ \ \
 \\/  ___)| |_)| | | | | || (_| |  ) ) ) )
  '  |____| .__|_| |_|_| |_\__, | / / / /
 =========|_|==============|___/=/_/_/_/
 :: Spring Boot ::        (v2.2.5.RELEASE)

[2020-03-25 07:39:23,997] INFO  o.l.gw.gateway.GatewayApplicationKt  - The following profiles are active: debug 
[2020-03-25 07:39:24,798] TRACE o.s.c.g.c.GatewayAutoConfiguration$OnVerboseDisabledCondition  - Condition GatewayAutoConfiguration.OnVerboseDisabledCondition on org.springframework.cloud.gateway.config.GatewayAutoConfiguration$GatewayActuatorConfiguration#gatewayLegacyControllerEndpoint did not match due to NoneNestedConditions 1 matched 0 did not; NestedCondition on GatewayAutoConfiguration.OnVerboseDisabledCondition.VerboseDisabled @ConditionalOnProperty (spring.cloud.gateway.actuator.verbose.enabled) matched 
[2020-03-25 07:39:25,563] INFO  o.s.c.context.scope.GenericScope  - BeanFactory id=037e4374-7c08-3c2a-912f-694b0851a027 
[2020-03-25 07:39:27,378] DEBUG o.s.c.g.config.GatewayProperties  - Routes supplied from Gateway Properties: [RouteDefinition{id='resource', predicates=[PredicateDefinition{name='Path', args={_genkey_0=/res}}], filters=[], uri=http://gw-oauth-resource:8080/res, order=0, metadata={}}] 
[2020-03-25 07:39:27,756] INFO  o.s.b.a.s.r.ReactiveUserDetailsServiceAutoConfiguration  - 

Using generated security password: 4cc95c7f-215f-41e9-82f6-60e9551d1029
 
[2020-03-25 07:39:27,925] INFO  o.s.c.g.r.RouteDefinitionRouteLocator  - Loaded RoutePredicateFactory [After] 
[2020-03-25 07:39:27,925] INFO  o.s.c.g.r.RouteDefinitionRouteLocator  - Loaded RoutePredicateFactory [Before] 
[2020-03-25 07:39:27,925] INFO  o.s.c.g.r.RouteDefinitionRouteLocator  - Loaded RoutePredicateFactory [Between] 
[2020-03-25 07:39:27,925] INFO  o.s.c.g.r.RouteDefinitionRouteLocator  - Loaded RoutePredicateFactory [Cookie] 
[2020-03-25 07:39:27,925] INFO  o.s.c.g.r.RouteDefinitionRouteLocator  - Loaded RoutePredicateFactory [Header] 
[2020-03-25 07:39:27,925] INFO  o.s.c.g.r.RouteDefinitionRouteLocator  - Loaded RoutePredicateFactory [Host] 
[2020-03-25 07:39:27,925] INFO  o.s.c.g.r.RouteDefinitionRouteLocator  - Loaded RoutePredicateFactory [Method] 
[2020-03-25 07:39:27,928] INFO  o.s.c.g.r.RouteDefinitionRouteLocator  - Loaded RoutePredicateFactory [Path] 
[2020-03-25 07:39:27,929] INFO  o.s.c.g.r.RouteDefinitionRouteLocator  - Loaded RoutePredicateFactory [Query] 
[2020-03-25 07:39:27,929] INFO  o.s.c.g.r.RouteDefinitionRouteLocator  - Loaded RoutePredicateFactory [ReadBodyPredicateFactory] 
[2020-03-25 07:39:27,929] INFO  o.s.c.g.r.RouteDefinitionRouteLocator  - Loaded RoutePredicateFactory [RemoteAddr] 
[2020-03-25 07:39:27,929] INFO  o.s.c.g.r.RouteDefinitionRouteLocator  - Loaded RoutePredicateFactory [Weight] 
[2020-03-25 07:39:27,929] INFO  o.s.c.g.r.RouteDefinitionRouteLocator  - Loaded RoutePredicateFactory [CloudFoundryRouteService] 
[2020-03-25 07:39:28,213] DEBUG o.s.w.r.r.m.a.RequestMappingHandlerMapping  - 1 mappings in 'requestMappingHandlerMapping' 
[2020-03-25 07:39:28,242] DEBUG o.s.w.r.h.SimpleUrlHandlerMapping  - Patterns [/webjars/**, /**] in 'resourceHandlerMapping' 
[2020-03-25 07:39:28,415] INFO  o.s.b.a.e.web.EndpointLinksResolver  - Exposing 2 endpoint(s) beneath base path '/actuator' 
[2020-03-25 07:39:28,507] DEBUG o.s.w.r.r.m.a.ControllerMethodResolver  - ControllerAdvice beans: none 
[2020-03-25 07:39:28,671] DEBUG o.s.w.s.a.HttpWebHandlerAdapter  - enableLoggingRequestDetails='false': form data and headers will be masked to prevent unsafe logging of potentially sensitive data 
[2020-03-25 07:39:28,839] DEBUG o.s.c.g.r.RouteDefinitionRouteLocator  - RouteDefinition resource applying {_genkey_0=/res} to Path 
[2020-03-25 07:39:28,881] DEBUG o.s.c.g.r.RouteDefinitionRouteLocator  - RouteDefinition matched: resource 
[2020-03-25 07:39:29,142] INFO  o.s.b.w.e.netty.NettyWebServer  - Netty started on port(s): 8030 
[2020-03-25 07:39:29,149] INFO  o.l.gw.gateway.GatewayApplicationKt  - Started GatewayApplicationKt in 6.49 seconds (JVM running for 7.208) 
[2020-03-25 07:40:09,298] TRACE o.s.w.s.a.HttpWebHandlerAdapter  - [6e709ca3-1] HTTP GET "/res", headers={masked} 
[2020-03-25 07:40:09,355] DEBUG o.s.w.s.s.DefaultWebSessionManager  - Created new WebSession. 
[2020-03-25 07:40:09,375] DEBUG o.s.s.w.s.u.m.MediaTypeServerWebExchangeMatcher  - httpRequestMediaTypes=[text/html, application/xhtml+xml, image/webp, application/xml;q=0.9, */*;q=0.8] 
[2020-03-25 07:40:09,375] DEBUG o.s.s.w.s.u.m.MediaTypeServerWebExchangeMatcher  - Processing text/html 
[2020-03-25 07:40:09,375] DEBUG o.s.s.w.s.u.m.MediaTypeServerWebExchangeMatcher  - text/html .isCompatibleWith text/html = true 
[2020-03-25 07:40:09,378] TRACE o.s.w.s.a.HttpWebHandlerAdapter  - [6e709ca3-1] Completed 302 FOUND, headers={masked} 
[2020-03-25 07:40:09,387] TRACE org.springframework.web.HttpLogging  - [6e709ca3-1] Handling completed 
[2020-03-25 07:40:09,400] TRACE o.s.w.s.a.HttpWebHandlerAdapter  - [6e709ca3-2] HTTP GET "/oauth2/authorization/gateway", headers={masked} 
[2020-03-25 07:40:09,426] TRACE o.s.w.s.a.HttpWebHandlerAdapter  - [6e709ca3-2] Completed 302 FOUND, headers={masked} 
[2020-03-25 07:40:09,426] TRACE org.springframework.web.HttpLogging  - [6e709ca3-2] Handling completed 
[2020-03-25 07:40:18,614] TRACE o.s.w.s.a.HttpWebHandlerAdapter  - [6e709ca3-3] HTTP GET "/login/oauth2/code/gateway?code=7DWYfIXB1Y&state=tcE77QyXrnRPR6e6XLOr4JKCOyUY4tPvfKNd9_AfAZc%3D", headers={masked} 
[2020-03-25 07:40:18,657] DEBUG o.s.w.r.f.client.ExchangeFunctions  - [74a5876f] HTTP POST http://gw-oauth-uaa:8090/uaa/oauth/token 
[2020-03-25 07:40:18,700] TRACE org.springframework.web.HttpLogging  - [74a5876f] Writing form fields [grant_type, code, redirect_uri] (content masked) 
[2020-03-25 07:40:18,999] DEBUG o.s.w.r.f.client.ExchangeFunctions  - [74a5876f] Response 200 OK 
[2020-03-25 07:40:19,056] TRACE org.springframework.web.HttpLogging  - [74a5876f] Decoded [{access_token=eyJhbGciOiJSUzI1NiIsImprdSI6Imh0dHBzOi8vbG9jYWxob3N0OjgwODAvdWFhL3Rva2VuX2tleXMiLCJraWQiOiJrZXktaWQtMSIsInR5cCI6IkpXVCJ9.eyJqdGkiOiI1NDNjZTEzMDNlNzQ0ZmM2ODRlZGEzZWM2M2M5YjJiNSIsIm5vbmNlIjoiNDBiNHZONTBvTXpMeVBYTHB4eUNyUXhzWExRczV3c3BYM2JPQ1JPZTlYUSIsInN1YiI6IjkxNWU0N2I4LThhZDEtNDBlMC1hZWMwLTQ3ZjFiOGMzNWVjYSIsInNjb3BlIjpbInJlc291cmNlLnJlYWQiLCJvcGVuaWQiLCJlbWFpbCJdLCJjbGllbnRfaWQiOiJnYXRld2F5IiwiY2lkIjoiZ2F0ZXdheSIsImF6cCI6ImdhdGV3YXkiLCJncmFudF90eXBlIjoiYXV0aG9yaXphdGlvbl9jb2RlIiwidXNlcl9pZCI6IjkxNWU0N2I4LThhZDEtNDBlMC1hZWMwLTQ3ZjFiOGMzNWVjYSIsIm9yaWdpbiI6InVhYSIsInVzZXJfbmFtZSI6InVzZXIxIiwiZW1haWwiOiJ1c2VyMUBwcm92aWRlci5jb20iLCJhdXRoX3RpbWUiOjE1ODUxMjIwMTYsInJldl9zaWciOiI1NWYyM2YyIiwiaWF0IjoxNTg1MTIyMDE4LCJleHAiOjE1ODUxNjUyMTgsImlzcyI6Imh0dHA6Ly91YWE6ODA5MC91YWEvb2F1dGgvdG9rZW4iLCJ6aWQiOiJ1YWEiLCJhdWQiOlsicmVzb3VyY2UiLCJvcGVuaWQiLCJnYXRld2F5Il19.f3Zin9BBCrJhxdXUD3MWVV70vliyjy5zoTyNsZxJbd5cijaOyjcNoA_oaVIE9z20JrzAqlawE9gKhbujJyFT0EOOyXi7f1y2dJdlgYofYYjUYtVwVuNv6XJ0R-5n_Mbd7gqNK2DQUsgjB-cbWuq9PZ812gHpTj_LQI8tJ3i0YOBlA4-LG3zuLIOa-K5VX2LfsuvrF-ij-PpgUc9DaNKrMpjXmpKyL1EFz23HmlfZaEyF4LMVhVRfpZHOwpgMjkBseCSjz2rkkfQPpgVFegIUTLZSCswFovrHvlJdmF-w8hECCYwf9D_eeulZdrLFDuS0fnQBuJ3sN6-kGfcOBcUuXw, token_type=bearer, id_token=eyJhbGciOiJSUzI1NiIsImprdSI6Imh0dHBzOi8vbG9jYWxob3N0OjgwODAvdWFhL3Rva2VuX2tleXMiLCJraWQiOiJrZXktaWQtMSIsInR5cCI6IkpXVCJ9.eyJzdWIiOiI5MTVlNDdiOC04YWQxLTQwZTAtYWVjMC00N2YxYjhjMzVlY2EiLCJhdWQiOlsiZ2F0ZXdheSJdLCJpc3MiOiJodHRwOi8vdWFhOjgwOTAvdWFhL29hdXRoL3Rva2VuIiwiZXhwIjoxNTg1MTY1MjE4LCJpYXQiOjE1ODUxMjIwMTgsImFtciI6WyJwd2QiXSwiYXpwIjoiZ2F0ZXdheSIsInNjb3BlIjpbIm9wZW5pZCJdLCJub25jZSI6IjQwYjR2TjUwb016THlQWExweHlDclF4c1hMUXM1d3NwWDNiT0NST2U5WFEiLCJlbWFpbCI6InVzZXIxQHByb3ZpZGVyLmNvbSIsInppZCI6InVhYSIsIm9yaWdpbiI6InVhYSIsImp0aSI6IjU0M2NlMTMwM2U3NDRmYzY4NGVkYTNlYzYzYzliMmI1IiwiZW1haWxfdmVyaWZpZWQiOnRydWUsImNsaWVudF9pZCI6ImdhdGV3YXkiLCJjaWQiOiJnYXRld2F5IiwiZ3JhbnRfdHlwZSI6ImF1dGhvcml6YXRpb25fY29kZSIsInVzZXJfbmFtZSI6InVzZXIxIiwicmV2X3NpZyI6IjU1ZjIzZjIiLCJ1c2VyX2lkIjoiOTE1ZTQ3YjgtOGFkMS00MGUwLWFlYzAtNDdmMWI4YzM1ZWNhIiwiYXV0aF90aW1lIjoxNTg1MTIyMDE2fQ.dJMwAIxRUTNNByKUvoCi--wDTGM9RYSBwxUtfNUAHLgKvbLYF45GDBsdafUyriD-5b6prFxjaQw9I7w6FBrDQJQB0YQKO8IQKUnvmKD10oKjzarPcrUMRNUeeyxNC43-OftNBT5aG3emOHIkfZq-fppcFoI8wmTAw_LpMk8Dj2HMpp8Il94uj48UACxx7GCVezaebeGPYsIe2fm04m3oUpl8Ve5zKqMoOjGjAnqePSF_DvSE6hIqVpkuIpL4JbfNlE1hMx-WziNjPvEbFDTPPBIELmgAV1mwQ3PYQCzCSo4tdC2pwUAmU9A9ndl5m028XMF23iKpWqRXWAieqhsq3Q, refresh_token=eyJhbGciOiJSUzI1NiIsImprdSI6Imh0dHBzOi8vbG9jYWxob3N0OjgwODAvdWFhL3Rva2VuX2tleXMiLCJraWQiOiJrZXktaWQtMSIsInR5cCI6IkpXVCJ9.eyJqdGkiOiI1YTRiNTY1YjM5ZDY0MTVkYjk0NmYyOTc1NDhjOTZiYi1yIiwic3ViIjoiOTE1ZTQ3YjgtOGFkMS00MGUwLWFlYzAtNDdmMWI4YzM1ZWNhIiwiaWF0IjoxNTg1MTIyMDE4LCJleHAiOjE1ODc3MTQwMTgsImNpZCI6ImdhdGV3YXkiLCJjbGllbnRfaWQiOiJnYXRld2F5IiwiaXNzIjoiaHR0cDovL3VhYTo4MDkwL3VhYS9vYXV0aC90b2tlbiIsInppZCI6InVhYSIsImF1ZCI6WyJyZXNvdXJjZSIsIm9wZW5pZCIsImdhdGV3YXkiXSwiZ3JhbnRlZF9zY29wZXMiOlsicmVzb3VyY2UucmVhZCIsIm9wZW5pZCIsImVtYWlsIl0sImFtciI6WyJwd2QiXSwiYXV0aF90aW1lIjoxNTg1MTIyMDE2LCJncmFudF90eXBlIjoiYXV0aG9yaXphdGlvbl9jb2RlIiwidXNlcl9uYW1lIjoidXNlcjEiLCJvcmlnaW4iOiJ1YWEiLCJ1c2VyX2lkIjoiOTE1ZTQ3YjgtOGFkMS00MGUwLWFlYzAtNDdmMWI4YzM1ZWNhIiwicmV2X3NpZyI6IjU1ZjIzZjIifQ.D0BWDPiCDzjOVDm2k9XQJXknxOZYIRYqPMU3SdwwgDnWvctwltKg4g4J5X-rle55yqhWCnQSGAkSxsL9AONt0_8HSE0tibSua4pwFsFz200hy5rss9wIvvvt9_wBkPFnc_lVqxV_xBhbN_qnZGRUhJCA-jge7OyVRftivAwcGI_O317uNJwV9dYoLzjTteA818uRf9fmeGDjJOVse47fjadPIvrFFZRrNjeQnSIbJS0V4gtfKidhJxLXuy2Muc3jEdgSxnfmI5lOp16hsXRRNuzUxdyPqCijWBEgkdu1FyavfTo6A4LRUxXMIZOnJi56EJeXygxF0RKEXaymRmaOlw, expires_in=43199, scope=resource.read openid email, nonce=40b4vN50oMzLyPXLpxyCrQxsXLQs5wspX3bOCROe9XQ, jti=543ce1303e744fc684eda3ec63c9b2b5}] 
[2020-03-25 07:40:19,134] DEBUG o.s.w.r.f.client.ExchangeFunctions  - [41b9b3ba] HTTP GET http://gw-oauth-uaa:8090/uaa/token_keys 
[2020-03-25 07:40:19,161] DEBUG o.s.w.r.f.client.ExchangeFunctions  - [41b9b3ba] Response 200 OK 
[2020-03-25 07:40:19,166] TRACE org.springframework.web.HttpLogging  - [41b9b3ba] Decoded "{"keys":[{"kty":"RSA","e":"AQAB","use":"sig","kid":"key-id-1","alg":"RS256","value":"-----BEGIN PUBLIC KEY-----\nMIIBIjANBgkqhkiG9w0BAQEFAAOCAQ8AMIIBCgKCAQEA0m59l2u9iDnMbrXHfqkO\nrn2dVQ3vfBJqcDuFUK03d+1PZGbVlNCqnkpIJ8syFppW8ljnWweP7+LiWpRoz0I7\nfYb3d8TjhV86Y997Fl4DBrxgM6KTJOuE/uxnoDhZQ14LgOU2ckXjOzOdTsnGMKQB\nLCl0vpcXBtFLMaSbpv1ozi8h7DJyVZ6EnFQZUWGdgTMhDrmqevfx95U/16c5WBDO\nkqwIn7Glry9n9Suxygbf8g5AzpWcusZgDLIIZ7JTUldBb8qU2a0Dl4mvLZOn4wPo\njfj9Cw2QICsc5+Pwf21fP+hzf+1WSRHbnYv8uanRO0gZ8ekGaghM/2H6gqJbo2nI\nJwIDAQAB\n-----END PUBLIC KEY-----","n":"ANJufZdrvYg5zG61x36pDq59nVUN73wSanA7hVCtN3ftT2Rm1ZTQqp5KSCfLMhaaVvJY51sHj-_i4lqUaM9CO32G93fE44VfOmPfexZeAwa8YDOikyTrhP7sZ6A4WUNeC4DlNnJF4zsznU7JxjCkASwpdL6XFwbRSzGkm6b9aM4vIewyclWehJxUGVFhnYEzIQ65qnr38feVP9enOVgQzpKsCJ-xpa8vZ_UrscoG3_IOQM6VnLrGYAyyCGeyU1JXQW_KlNmtA5eJry2Tp-MD6I34_QsNkCArHOfj8H9tXz_oc3_tVkkR252L_Lmp0TtIGfHpBmoITP9h-oKiW6NpyCc"}]}" 
[2020-03-25 07:40:19,202] DEBUG o.s.w.r.f.client.ExchangeFunctions  - [3893fd92] HTTP GET http://gw-oauth-uaa:8090/uaa/userinfo 
[2020-03-25 07:40:19,238] DEBUG o.s.w.r.f.client.ExchangeFunctions  - [3893fd92] Response 200 OK 
[2020-03-25 07:40:19,239] TRACE org.springframework.web.HttpLogging  - [3893fd92] Decoded [{user_id=915e47b8-8ad1-40e0-aec0-47f1b8c35eca, user_name=user1, name=first1 last1, given_name=first1, family_name=last1, email=user1@provider.com, email_verified=true, previous_logon_time=null, sub=915e47b8-8ad1-40e0-aec0-47f1b8c35eca}] 
[2020-03-25 07:40:19,243] DEBUG o.s.w.r.f.client.ExchangeFunctions  - [74a5876f] Cancel signal (to close connection) 
[2020-03-25 07:40:19,244] DEBUG o.s.w.r.f.client.ExchangeFunctions  - [3893fd92] Cancel signal (to close connection) 
[2020-03-25 07:40:19,246] TRACE o.s.w.s.a.HttpWebHandlerAdapter  - [6e709ca3-3] Completed 302 FOUND, headers={masked} 
[2020-03-25 07:40:19,247] TRACE org.springframework.web.HttpLogging  - [6e709ca3-3] Handling completed 
[2020-03-25 07:40:19,253] TRACE o.s.w.s.a.HttpWebHandlerAdapter  - [6e709ca3-4] HTTP GET "/res", headers={masked} 
[2020-03-25 07:40:19,256] TRACE o.s.c.g.f.WeightCalculatorWebFilter  - Weights attr: {} 
[2020-03-25 07:40:19,265] TRACE o.s.c.g.h.p.RoutePredicateFactory  - Pattern "/res" matches against value "/res" 
[2020-03-25 07:40:19,266] DEBUG o.s.c.g.h.RoutePredicateHandlerMapping  - Route matched: resource 
[2020-03-25 07:40:19,266] DEBUG o.s.c.g.h.RoutePredicateHandlerMapping  - Mapping [Exchange: GET http://172.10.16.1:8030/res] to Route{id='resource', uri=http://gw-oauth-resource:8080/res, order=0, predicate=Paths: [/res], match trailing slash: true, gatewayFilters=[], metadata={}} 
[2020-03-25 07:40:19,266] DEBUG o.s.c.g.h.RoutePredicateHandlerMapping  - [6e709ca3-4] Mapped to org.springframework.cloud.gateway.handler.FilteringWebHandler@c214564 
[2020-03-25 07:40:19,267] DEBUG o.s.c.g.handler.FilteringWebHandler  - Sorted gatewayFilterFactories: [[GatewayFilterAdapter{delegate=org.springframework.cloud.gateway.filter.RemoveCachedBodyFilter@6b09fb41}, order = -2147483648], [GatewayFilterAdapter{delegate=org.springframework.cloud.gateway.filter.AdaptCachedBodyGlobalFilter@7c137fd5}, order = -2147482648], [GatewayFilterAdapter{delegate=org.springframework.cloud.gateway.filter.NettyWriteResponseFilter@16150369}, order = -1], [GatewayFilterAdapter{delegate=org.springframework.cloud.gateway.filter.ForwardPathFilter@782859e}, order = 0], [GatewayFilterAdapter{delegate=org.springframework.cloud.gateway.filter.GatewayMetricsFilter@34bde49d}, order = 0], [GatewayFilterAdapter{delegate=org.springframework.cloud.gateway.filter.RouteToRequestUrlFilter@624ea235}, order = 10000], [GatewayFilterAdapter{delegate=org.springframework.cloud.gateway.config.GatewayNoLoadBalancerClientAutoConfiguration$NoLoadBalancerClientFilter@1b1cfb87}, order = 10100], [GatewayFilterAdapter{delegate=org.springframework.cloud.gateway.filter.WebsocketRoutingFilter@23f5b5dc}, order = 2147483646], [GatewayFilterAdapter{delegate=org.springframework.cloud.gateway.filter.NettyRoutingFilter@4b520ea8}, order = 2147483647], [GatewayFilterAdapter{delegate=org.springframework.cloud.gateway.filter.ForwardRoutingFilter@3932c79a}, order = 2147483647]] 
[2020-03-25 07:40:19,272] TRACE o.s.c.g.f.RouteToRequestUrlFilter  - RouteToRequestUrlFilter start 
[2020-03-25 07:40:19,285] TRACE o.s.c.g.filter.NettyRoutingFilter  - outbound route: ff36a3fe, inbound: [6e709ca3-4]  
[2020-03-25 07:40:19,426] TRACE o.s.c.g.f.NettyWriteResponseFilter  - NettyWriteResponseFilter start inbound: ff36a3fe, outbound: [6e709ca3-4]  
[2020-03-25 07:40:19,433] TRACE o.s.c.g.filter.GatewayMetricsFilter  - gateway.requests tags: [tag(httpMethod=GET),tag(httpStatusCode=401),tag(outcome=CLIENT_ERROR),tag(routeId=resource),tag(routeUri=http://gw-oauth-resource:8080/res),tag(status=UNAUTHORIZED)] 
[2020-03-25 07:40:19,438] TRACE o.s.w.s.a.HttpWebHandlerAdapter  - [6e709ca3-4] Completed 401 UNAUTHORIZED, headers={masked} 
[2020-03-25 07:40:19,438] TRACE org.springframework.web.HttpLogging  - [6e709ca3-4] Handling completed 
[2020-03-25 07:40:22,095] TRACE o.s.w.s.a.HttpWebHandlerAdapter  - [6e709ca3-5] HTTP GET "/res", headers={masked} 
[2020-03-25 07:40:22,097] TRACE o.s.c.g.f.WeightCalculatorWebFilter  - Weights attr: {} 
[2020-03-25 07:40:22,098] TRACE o.s.c.g.h.p.RoutePredicateFactory  - Pattern "/res" matches against value "/res" 
[2020-03-25 07:40:22,099] DEBUG o.s.c.g.h.RoutePredicateHandlerMapping  - Route matched: resource 
[2020-03-25 07:40:22,099] DEBUG o.s.c.g.h.RoutePredicateHandlerMapping  - Mapping [Exchange: GET http://172.10.16.1:8030/res] to Route{id='resource', uri=http://gw-oauth-resource:8080/res, order=0, predicate=Paths: [/res], match trailing slash: true, gatewayFilters=[], metadata={}} 
[2020-03-25 07:40:22,099] DEBUG o.s.c.g.h.RoutePredicateHandlerMapping  - [6e709ca3-5] Mapped to org.springframework.cloud.gateway.handler.FilteringWebHandler@c214564 
[2020-03-25 07:40:22,099] DEBUG o.s.c.g.handler.FilteringWebHandler  - Sorted gatewayFilterFactories: [[GatewayFilterAdapter{delegate=org.springframework.cloud.gateway.filter.RemoveCachedBodyFilter@6b09fb41}, order = -2147483648], [GatewayFilterAdapter{delegate=org.springframework.cloud.gateway.filter.AdaptCachedBodyGlobalFilter@7c137fd5}, order = -2147482648], [GatewayFilterAdapter{delegate=org.springframework.cloud.gateway.filter.NettyWriteResponseFilter@16150369}, order = -1], [GatewayFilterAdapter{delegate=org.springframework.cloud.gateway.filter.ForwardPathFilter@782859e}, order = 0], [GatewayFilterAdapter{delegate=org.springframework.cloud.gateway.filter.GatewayMetricsFilter@34bde49d}, order = 0], [GatewayFilterAdapter{delegate=org.springframework.cloud.gateway.filter.RouteToRequestUrlFilter@624ea235}, order = 10000], [GatewayFilterAdapter{delegate=org.springframework.cloud.gateway.config.GatewayNoLoadBalancerClientAutoConfiguration$NoLoadBalancerClientFilter@1b1cfb87}, order = 10100], [GatewayFilterAdapter{delegate=org.springframework.cloud.gateway.filter.WebsocketRoutingFilter@23f5b5dc}, order = 2147483646], [GatewayFilterAdapter{delegate=org.springframework.cloud.gateway.filter.NettyRoutingFilter@4b520ea8}, order = 2147483647], [GatewayFilterAdapter{delegate=org.springframework.cloud.gateway.filter.ForwardRoutingFilter@3932c79a}, order = 2147483647]] 
[2020-03-25 07:40:22,099] TRACE o.s.c.g.f.RouteToRequestUrlFilter  - RouteToRequestUrlFilter start 
[2020-03-25 07:40:22,102] TRACE o.s.c.g.filter.NettyRoutingFilter  - outbound route: ff36a3fe, inbound: [6e709ca3-5]  
[2020-03-25 07:40:22,114] TRACE o.s.c.g.f.NettyWriteResponseFilter  - NettyWriteResponseFilter start inbound: ff36a3fe, outbound: [6e709ca3-5]  
[2020-03-25 07:40:22,115] TRACE o.s.c.g.filter.GatewayMetricsFilter  - gateway.requests tags: [tag(httpMethod=GET),tag(httpStatusCode=401),tag(outcome=CLIENT_ERROR),tag(routeId=resource),tag(routeUri=http://gw-oauth-resource:8080/res),tag(status=UNAUTHORIZED)] 
[2020-03-25 07:40:22,116] TRACE o.s.w.s.a.HttpWebHandlerAdapter  - [6e709ca3-5] Completed 401 UNAUTHORIZED, headers={masked} 
[2020-03-25 07:40:22,116] TRACE org.springframework.web.HttpLogging  - [6e709ca3-5] Handling completed 
